2016-11-11 12:08:04,049 ERROR [{{username,Admin}}] Method main executed
java.lang.RuntimeException
	at com.example.HelloWorld.main(HelloWorld.java:16)
	at sun.reflect.NativeMethodAccessorImpl.invoke0(Native Method)
	at sun.reflect.NativeMethodAccessorImpl.invoke(NativeMethodAccessorImpl.java:62)
	at sun.reflect.DelegatingMethodAccessorImpl.invoke(DelegatingMethodAccessorImpl.java:43)
	at java.lang.reflect.Method.invoke(Method.java:498)
	at com.intellij.rt.execution.application.AppMain.main(AppMain.java:147)
2016-11-11 12:08:04,064 ERROR [{{username,Admin}}] Method doSome executed !!
2016-11-11 15:19:40,649 INFO [{}] This is @BeforeClass method
2016-11-11 15:19:40,657 INFO [{}] This is @Before method
2016-11-11 15:19:40,657 INFO [{}] This is testHandle method
2016-11-11 15:19:40,658 INFO [{}] This is @After method
2016-11-11 15:19:40,660 INFO [{}] This is @AfterClass method
2016-11-11 15:32:09,848 INFO [{}] This is @BeforeClass method
2016-11-11 15:32:09,858 INFO [{}] This is @Before method
2016-11-11 15:32:09,859 INFO [{}] This is @After method
2016-11-11 15:32:09,864 INFO [{}] This is @Before method
2016-11-11 15:32:09,864 INFO [{}] This is testHandle method
2016-11-11 15:32:09,865 INFO [{}] This is @After method
2016-11-11 15:32:09,865 INFO [{}] This is @AfterClass method
2016-11-11 15:32:30,535 INFO [{}] This is @BeforeClass method
2016-11-11 15:32:30,542 INFO [{}] This is @Before method
2016-11-11 15:32:30,544 INFO [{}] This is @After method
2016-11-11 15:32:30,548 INFO [{}] This is @Before method
2016-11-11 15:32:30,548 INFO [{}] This is testHandle method
2016-11-11 15:32:30,549 INFO [{}] This is @After method
2016-11-11 15:32:30,549 INFO [{}] This is @AfterClass method
2016-11-11 15:33:14,807 INFO [{}] This is @BeforeClass method
2016-11-11 15:33:14,813 INFO [{}] This is @Before method
2016-11-11 15:33:14,814 INFO [{}] This is @After method
2016-11-11 15:33:14,820 INFO [{}] This is @Before method
2016-11-11 15:33:14,820 INFO [{}] This is testHandle method
2016-11-11 15:33:14,820 INFO [{}] This is @After method
2016-11-11 15:33:14,821 INFO [{}] This is @AfterClass method
2016-11-11 15:33:36,586 INFO [{}] This is @BeforeClass method
2016-11-11 15:33:36,594 INFO [{}] This is @Before method
2016-11-11 15:33:36,594 INFO [{}] This is @After method
2016-11-11 15:33:36,597 INFO [{}] This is @Before method
2016-11-11 15:33:36,597 INFO [{}] This is testHandle method
2016-11-11 15:33:36,597 INFO [{}] This is @After method
2016-11-11 15:33:36,597 INFO [{}] This is @AfterClass method
2016-11-11 15:34:30,734 INFO [{}] This is @BeforeClass method
2016-11-11 15:34:30,742 INFO [{}] This is @Before method
2016-11-11 15:34:30,743 INFO [{}] This is @After method
2016-11-11 15:34:30,745 INFO [{}] This is @Before method
2016-11-11 15:34:30,745 INFO [{}] This is testHandle method
2016-11-11 15:34:30,746 INFO [{}] This is @After method
2016-11-11 15:34:30,747 INFO [{}] This is @AfterClass method
2016-11-11 15:34:50,985 INFO [{}] This is @BeforeClass method
2016-11-11 15:34:50,992 INFO [{}] This is @Before method
2016-11-11 15:34:50,992 INFO [{}] This is @After method
2016-11-11 15:34:50,995 INFO [{}] This is @Before method
2016-11-11 15:34:50,995 INFO [{}] This is testHandle method
2016-11-11 15:34:50,996 INFO [{}] This is @After method
2016-11-11 15:34:50,997 INFO [{}] This is @AfterClass method
2016-11-11 15:34:56,056 INFO [{}] This is @BeforeClass method
2016-11-11 15:34:56,061 INFO [{}] This is @Before method
2016-11-11 15:34:56,062 INFO [{}] This is @After method
2016-11-11 15:34:56,065 INFO [{}] This is @Before method
2016-11-11 15:34:56,065 INFO [{}] This is testHandle method
2016-11-11 15:34:56,066 INFO [{}] This is @After method
2016-11-11 15:34:56,067 INFO [{}] This is @AfterClass method
2016-11-11 15:35:25,607 INFO [{}] This is @BeforeClass method
2016-11-11 15:35:25,620 INFO [{}] This is @Before method
2016-11-11 15:35:25,621 INFO [{}] This is @After method
2016-11-11 15:35:25,624 INFO [{}] This is @Before method
2016-11-11 15:35:25,625 INFO [{}] This is testHandle method
2016-11-11 15:35:25,626 INFO [{}] This is @After method
2016-11-11 15:35:25,628 INFO [{}] This is @AfterClass method
2016-11-11 15:36:01,635 INFO [{}] This is @BeforeClass method
2016-11-11 15:36:01,652 INFO [{}] This is @Before method
2016-11-11 15:36:01,656 INFO [{}] This is @After method
2016-11-11 15:36:01,661 INFO [{}] This is @Before method
2016-11-11 15:36:01,661 INFO [{}] This is testHandle method
2016-11-11 15:36:01,661 INFO [{}] This is @After method
2016-11-11 15:36:01,662 INFO [{}] This is @AfterClass method
2016-11-11 15:36:43,613 INFO [{}] This is @BeforeClass method
2016-11-11 15:36:43,626 INFO [{}] This is @Before method
2016-11-11 15:36:43,627 INFO [{}] This is @After method
2016-11-11 15:36:43,628 INFO [{}] This is @Before method
2016-11-11 15:36:43,629 INFO [{}] This is testHandle method
2016-11-11 15:36:43,630 INFO [{}] This is @After method
2016-11-11 15:36:43,631 INFO [{}] This is @AfterClass method
2016-11-11 15:36:57,818 INFO [{}] This is @BeforeClass method
2016-11-11 15:36:57,828 INFO [{}] This is @Before method
2016-11-11 15:36:57,830 INFO [{}] This is @After method
2016-11-11 15:36:57,832 INFO [{}] This is @Before method
2016-11-11 15:36:57,832 INFO [{}] This is testHandle method
2016-11-11 15:36:57,833 INFO [{}] This is @After method
2016-11-11 15:36:57,834 INFO [{}] This is @AfterClass method
2016-11-11 15:38:21,980 INFO [{}] This is @BeforeClass method
2016-11-11 15:38:21,993 INFO [{}] This is @Before method
2016-11-11 15:38:21,994 INFO [{}] This is @After method
2016-11-11 15:38:21,997 INFO [{}] This is @Before method
2016-11-11 15:38:21,998 INFO [{}] This is testHandle method
2016-11-11 15:38:21,998 INFO [{}] This is @After method
2016-11-11 15:38:21,998 INFO [{}] This is @AfterClass method
2016-11-11 15:39:37,925 INFO [{}] This is @BeforeClass method
2016-11-11 15:39:37,933 INFO [{}] This is @Before method
2016-11-11 15:39:37,933 INFO [{}] This is @After method
2016-11-11 15:39:37,935 INFO [{}] This is @Before method
2016-11-11 15:39:37,935 INFO [{}] This is testHandle method
2016-11-11 15:39:37,935 INFO [{}] This is @After method
2016-11-11 15:39:37,935 INFO [{}] This is @AfterClass method
2016-11-11 15:42:27,973 INFO [{}] This is @BeforeClass method
2016-11-11 15:42:28,003 INFO [{}] This is @Before method
2016-11-11 15:42:28,004 INFO [{}] This is testHandle method
2016-11-11 15:42:28,005 INFO [{}] This is @After method
2016-11-11 15:42:28,012 INFO [{}] This is @AfterClass method
2016-11-11 16:56:35,643 INFO [{}] This is @BeforeClass method
2016-11-11 16:56:35,661 INFO [{}] This is @Before method
2016-11-11 16:56:35,665 INFO [{}] This is testHandle method
2016-11-11 16:56:35,666 INFO [{}] This is @After method
2016-11-11 16:56:35,676 INFO [{}] This is @AfterClass method
2016-11-11 17:03:15,468 INFO [{}] This is @BeforeClass method
2016-11-11 17:03:15,497 INFO [{}] This is @Before method
2016-11-11 17:03:15,501 INFO [{}] This is testHandle method
2016-11-11 17:03:15,502 INFO [{}] This is @After method
2016-11-11 17:03:15,505 INFO [{}] This is @AfterClass method
2016-11-11 17:03:43,168 INFO [{}] This is @BeforeClass method
2016-11-11 17:03:43,201 INFO [{}] This is @Before method
2016-11-11 17:03:43,202 INFO [{}] This is testHandle method
2016-11-11 17:03:43,203 INFO [{}] This is @After method
2016-11-11 17:03:43,204 INFO [{}] This is @AfterClass method
2016-11-11 17:04:02,505 INFO [{}] This is @BeforeClass method
2016-11-11 17:04:02,519 INFO [{}] This is @Before method
2016-11-11 17:04:02,519 INFO [{}] This is testHandle method
2016-11-11 17:04:02,520 INFO [{}] This is @After method
2016-11-11 17:04:02,521 INFO [{}] This is @AfterClass method
