2016-11-13 19:17:44,812 INFO [{}] У программы не заданы аргументы. Работа завершена.
2016-11-13 19:19:12,117 INFO [{}] У программы не заданы аргументы. Работа завершена.
2016-11-13 19:19:18,879 INFO [{}] У программы не заданы аргументы. Работа завершена.
2016-11-13 19:25:39,324 ERROR [{}] Ресурс test.txt содержит недопустимые символы.
2016-11-13 19:26:06,268 ERROR [{}] Ресурс test.txt содержит недопустимые символы.
2016-11-13 19:29:20,335 ERROR [{}] Ресурс abc.txt содержит недопустимые символы.
2016-11-13 23:20:52,669 INFO [{}] Найдено повторяющееся слово. Проанализировано 1 слово.
2016-11-13 23:20:58,840 INFO [{}] Найдено повторяющееся слово. Проанализировано 1 слово.
2016-11-13 23:24:38,509 INFO [{}] Найдено повторяющееся слово. Проанализировано 1 слово.
2016-11-13 23:24:49,732 INFO [{}] Найдено повторяющееся слово. Проанализировано 1 слово.
2016-11-13 23:25:15,095 INFO [{}] Повторяющиеся слова не найдены. Проанализировано 4 слова.
2016-11-13 23:26:00,121 INFO [{}] Повторяющиеся слова не найдены. Проанализировано 4 слова.
2016-11-13 23:30:04,546 INFO [{}] Повторяющиеся слова не найдены. Проанализировано 4 слова.
2016-11-13 23:30:47,222 INFO [{}] Найдено повторяющееся слово. Проанализировано 3 слова.
2016-11-13 23:31:08,594 INFO [{}] Найдено повторяющееся слово. Проанализировано 3 слова.
2016-11-13 23:33:49,928 INFO [{}] Найдено повторяющееся слово. Проанализировано 3 слова.
2016-11-13 23:35:05,257 INFO [{}] Найдено повторяющееся слово. Проанализировано 3 слова.
2016-11-13 23:35:28,046 INFO [{}] Найдено повторяющееся слово. Проанализировано 4 слова.
2016-11-13 23:39:20,522 INFO [{}] Найдено повторяющееся слово. Проанализировано 4 слова.
2016-11-13 23:39:23,522 INFO [{}] Одно из слов повторяется минимум 5 раз. Проанализировано 4 слова.
2016-11-13 23:39:47,820 INFO [{}] Одно из слов повторяется минимум 5 раз. Проанализировано 4 различных слова.
2016-11-13 23:42:32,355 INFO [{}] Одно из слов повторяется минимум 5 раз. Проанализировано 4 различных слова.
2016-11-13 23:44:58,530 INFO [{}] Одно из слов повторяется минимум 5 раз. Проанализировано 4 различных слова.
2016-11-13 23:45:46,942 INFO [{}] Одно из слов повторяется минимум 5 раз. fiveMatchesWord Проанализировано 4 различных слова.
2016-11-13 23:47:15,208 INFO [{}] Одно из слов повторяется минимум 5 раз. Проанализировано 4 различных слова.
