2016-11-13 19:17:44,806 DEBUG [{}] Начало работы
2016-11-13 19:17:44,812 INFO [{}] У программы не заданы аргументы. Работа завершена.
2016-11-13 19:19:12,106 DEBUG [{}] Начало работы
2016-11-13 19:19:12,117 INFO [{}] У программы не заданы аргументы. Работа завершена.
2016-11-13 19:19:18,867 DEBUG [{}] Начало работы
2016-11-13 19:19:18,879 INFO [{}] У программы не заданы аргументы. Работа завершена.
2016-11-13 19:25:39,324 ERROR [{}] Ресурс test.txt содержит недопустимые символы.
2016-11-13 19:26:06,268 ERROR [{}] Ресурс test.txt содержит недопустимые символы.
2016-11-13 19:26:38,737 DEBUG [{}] Поток pool-1-thread-1 добавил в словарь слово строка
2016-11-13 19:27:48,058 DEBUG [{}] Поток pool-1-thread-1 добавил в словарь слово строка
2016-11-13 19:27:48,063 DEBUG [{}] Поток pool-1-thread-1 добавил в словарь слово строка11
2016-11-13 19:28:07,624 DEBUG [{}] Поток pool-1-thread-1 добавил в словарь слово строка
2016-11-13 19:29:20,335 ERROR [{}] Ресурс abc.txt содержит недопустимые символы.
2016-11-13 19:29:39,375 DEBUG [{}] Поток pool-1-thread-1 добавил в словарь слово строка
2016-11-13 19:29:53,132 DEBUG [{}] Поток pool-1-thread-1 добавил в словарь слово строка
2016-11-13 19:30:04,434 DEBUG [{}] Поток pool-1-thread-1 добавил в словарь слово строка
2016-11-13 19:30:24,267 DEBUG [{}] Поток pool-1-thread-1 добавил в словарь слово 
2016-11-13 19:30:24,273 DEBUG [{}] Поток pool-1-thread-1 добавил в словарь слово строка2
2016-11-13 19:34:57,031 DEBUG [{}] Поток pool-1-thread-1 добавил в словарь слово строка2
2016-11-13 19:37:57,124 DEBUG [{}] Поток pool-1-thread-1 добавил в словарь слово строка2
2016-11-13 22:18:14,640 DEBUG [{}] Поток pool-1-thread-1 добавил в словарь слово строка2
2016-11-13 22:24:11,324 DEBUG [{}] Поток pool-1-thread-1 добавил в словарь слово строка2
2016-11-13 22:24:12,469 DEBUG [{}] Поток pool-1-thread-1 добавил в словарь слово строка2
2016-11-13 22:24:52,832 DEBUG [{}] Поток pool-1-thread-1 добавил в словарь слово строка2
2016-11-13 22:44:39,483 DEBUG [{}] Поток pool-1-thread-1 добавил в словарь слово строка2
2016-11-13 22:44:40,446 DEBUG [{}] Поток pool-1-thread-1 добавил в словарь слово строка2
2016-11-13 22:45:09,411 DEBUG [{}] Поток pool-1-thread-1 добавил в словарь слово строка2
2016-11-13 22:45:47,710 DEBUG [{}] Поток pool-1-thread-1 добавил в словарь слово строка2
2016-11-13 22:47:50,107 DEBUG [{}] Поток pool-1-thread-1 добавил в словарь слово строка2
2016-11-13 22:58:23,615 DEBUG [{}] Начало работы
2016-11-13 23:19:59,843 DEBUG [{}] Поток pool-1-thread-1 добавил в словарь слово строка2
2016-11-13 23:20:52,669 INFO [{}] Найдено повторяющееся слово. Проанализировано 1 слово.
2016-11-13 23:20:54,543 DEBUG [{}] Итоговый словарь: [строка2]
2016-11-13 23:20:58,812 DEBUG [{}] Начало работы
2016-11-13 23:20:58,838 DEBUG [{}] Поток pool-1-thread-1 добавил в словарь слово строка2
2016-11-13 23:20:58,840 INFO [{}] Найдено повторяющееся слово. Проанализировано 1 слово.
2016-11-13 23:20:58,840 DEBUG [{}] Итоговый словарь: [строка2]
2016-11-13 23:24:38,394 DEBUG [{}] Начало работы
2016-11-13 23:24:38,439 DEBUG [{}] Поток pool-1-thread-1 добавил в словарь слово строка2
2016-11-13 23:24:38,509 INFO [{}] Найдено повторяющееся слово. Проанализировано 1 слово.
2016-11-13 23:24:38,523 DEBUG [{}] Итоговый словарь: [строка2]
2016-11-13 23:24:49,700 DEBUG [{}] Начало работы
2016-11-13 23:24:49,731 DEBUG [{}] Поток pool-1-thread-1 добавил в словарь слово строка2
2016-11-13 23:24:49,732 INFO [{}] Найдено повторяющееся слово. Проанализировано 1 слово.
2016-11-13 23:24:49,733 DEBUG [{}] Итоговый словарь: [строка2]
2016-11-13 23:25:15,041 DEBUG [{}] Начало работы
2016-11-13 23:25:15,093 DEBUG [{}] Поток pool-1-thread-1 добавил в словарь слово строка2
2016-11-13 23:25:15,093 DEBUG [{}] Поток pool-1-thread-1 добавил в словарь слово строка4
2016-11-13 23:25:15,093 DEBUG [{}] Поток pool-1-thread-1 добавил в словарь слово строка
2016-11-13 23:25:15,093 DEBUG [{}] Поток pool-1-thread-1 добавил в словарь слово 
2016-11-13 23:25:15,095 INFO [{}] Повторяющиеся слова не найдены. Проанализировано 4 слова.
2016-11-13 23:25:15,096 DEBUG [{}] Итоговый словарь: [, строка4, строка, строка2]
2016-11-13 23:26:00,051 DEBUG [{}] Начало работы
2016-11-13 23:26:00,117 DEBUG [{}] Поток pool-1-thread-1 добавил в словарь слово строка2
2016-11-13 23:26:00,117 DEBUG [{}] Поток pool-1-thread-1 добавил в словарь слово строка4
2016-11-13 23:26:00,117 DEBUG [{}] Поток pool-1-thread-1 добавил в словарь слово строка
2016-11-13 23:26:00,117 DEBUG [{}] Поток pool-1-thread-1 добавил в словарь слово трока2
2016-11-13 23:26:00,121 INFO [{}] Повторяющиеся слова не найдены. Проанализировано 4 слова.
2016-11-13 23:26:00,126 DEBUG [{}] Итоговый словарь: [трока2, строка4, строка, строка2]
2016-11-13 23:29:26,462 DEBUG [{}] Начало работы
2016-11-13 23:29:34,472 DEBUG [{}] Поток pool-1-thread-1 добавил в словарь слово строка2
2016-11-13 23:29:37,835 DEBUG [{}] Поток pool-1-thread-1 добавил в словарь слово строка4
2016-11-13 23:29:40,799 DEBUG [{}] Поток pool-1-thread-1 добавил в словарь слово строка
2016-11-13 23:29:44,738 DEBUG [{}] Поток pool-1-thread-1 добавил в словарь слово трока2
2016-11-13 23:30:04,546 INFO [{}] Повторяющиеся слова не найдены. Проанализировано 4 слова.
2016-11-13 23:30:04,549 DEBUG [{}] Итоговый словарь: [трока2, строка4, строка, строка2]
2016-11-13 23:30:47,153 DEBUG [{}] Начало работы
2016-11-13 23:30:47,221 DEBUG [{}] Поток pool-1-thread-1 добавил в словарь слово строка2
2016-11-13 23:30:47,221 DEBUG [{}] Поток pool-1-thread-1 добавил в словарь слово строка4
2016-11-13 23:30:47,221 DEBUG [{}] Поток pool-1-thread-1 добавил в словарь слово строка
2016-11-13 23:30:47,222 INFO [{}] Найдено повторяющееся слово. Проанализировано 3 слова.
2016-11-13 23:30:47,228 DEBUG [{}] Итоговый словарь: [строка4, строка, строка2]
2016-11-13 23:31:08,569 DEBUG [{}] Начало работы
2016-11-13 23:31:08,593 DEBUG [{}] Поток pool-1-thread-1 добавил в словарь слово строка2
2016-11-13 23:31:08,593 DEBUG [{}] Поток pool-1-thread-1 добавил в словарь слово строка4
2016-11-13 23:31:08,593 DEBUG [{}] Поток pool-1-thread-1 добавил в словарь слово строка
2016-11-13 23:31:08,594 INFO [{}] Найдено повторяющееся слово. Проанализировано 3 слова.
2016-11-13 23:31:08,596 DEBUG [{}] Итоговый словарь: [строка4, строка, строка2]
2016-11-13 23:33:15,244 DEBUG [{}] Начало работы
2016-11-13 23:33:15,290 DEBUG [{}] Поток pool-1-thread-1 добавил в словарь слово строка2
2016-11-13 23:33:22,560 DEBUG [{}] Поток pool-1-thread-1 добавил в словарь слово строка4
2016-11-13 23:33:48,932 DEBUG [{}] Поток pool-1-thread-1 добавил в словарь слово строка
2016-11-13 23:33:49,928 INFO [{}] Найдено повторяющееся слово. Проанализировано 3 слова.
2016-11-13 23:33:49,929 DEBUG [{}] Итоговый словарь: [строка4, строка, строка2]
2016-11-13 23:35:05,188 DEBUG [{}] Начало работы
2016-11-13 23:35:05,254 DEBUG [{}] Поток pool-1-thread-1 добавил в словарь слово слово2
2016-11-13 23:35:05,255 DEBUG [{}] Поток pool-1-thread-1 добавил в словарь слово слово4
2016-11-13 23:35:05,255 DEBUG [{}] Поток pool-1-thread-1 добавил в словарь слово слово
2016-11-13 23:35:05,257 INFO [{}] Найдено повторяющееся слово. Проанализировано 3 слова.
2016-11-13 23:35:05,258 DEBUG [{}] Итоговый словарь: [слово2, слово4, слово]
2016-11-13 23:35:27,986 DEBUG [{}] Начало работы
2016-11-13 23:35:28,044 DEBUG [{}] Поток pool-1-thread-1 добавил в словарь слово 1слово2
2016-11-13 23:35:28,044 DEBUG [{}] Поток pool-1-thread-1 добавил в словарь слово слово2
2016-11-13 23:35:28,044 DEBUG [{}] Поток pool-1-thread-1 добавил в словарь слово слово4
2016-11-13 23:35:28,044 DEBUG [{}] Поток pool-1-thread-1 добавил в словарь слово слово
2016-11-13 23:35:28,046 INFO [{}] Найдено повторяющееся слово. Проанализировано 4 слова.
2016-11-13 23:35:28,050 DEBUG [{}] Итоговый словарь: [1слово2, слово2, слово4, слово]
2016-11-13 23:36:26,231 DEBUG [{}] Начало работы
2016-11-13 23:36:26,257 DEBUG [{}] Поток pool-1-thread-1 добавил в словарь слово 1слово2
2016-11-13 23:36:26,257 DEBUG [{}] Поток pool-1-thread-1 добавил в словарь слово слово2
2016-11-13 23:36:26,257 DEBUG [{}] Поток pool-1-thread-1 добавил в словарь слово слово4
2016-11-13 23:36:32,833 DEBUG [{}] Поток pool-1-thread-1 добавил в словарь слово слово
2016-11-13 23:39:20,522 INFO [{}] Найдено повторяющееся слово. Проанализировано 4 слова.
2016-11-13 23:39:20,523 DEBUG [{}] Итоговый словарь: [1слово2, слово2, слово4, слово]
2016-11-13 23:39:23,503 DEBUG [{}] Начало работы
2016-11-13 23:39:23,521 DEBUG [{}] Поток pool-1-thread-1 добавил в словарь слово 1слово2
2016-11-13 23:39:23,521 DEBUG [{}] Поток pool-1-thread-1 добавил в словарь слово слово2
2016-11-13 23:39:23,521 DEBUG [{}] Поток pool-1-thread-1 добавил в словарь слово слово4
2016-11-13 23:39:23,521 DEBUG [{}] Поток pool-1-thread-1 добавил в словарь слово слово
2016-11-13 23:39:23,522 INFO [{}] Одно из слов повторяется минимум 5 раз. Проанализировано 4 слова.
2016-11-13 23:39:23,523 DEBUG [{}] Итоговый словарь: [1слово2, слово2, слово4, слово]
2016-11-13 23:39:47,793 DEBUG [{}] Начало работы
2016-11-13 23:39:47,818 DEBUG [{}] Поток pool-1-thread-1 добавил в словарь слово 1слово2
2016-11-13 23:39:47,818 DEBUG [{}] Поток pool-1-thread-1 добавил в словарь слово слово2
2016-11-13 23:39:47,818 DEBUG [{}] Поток pool-1-thread-1 добавил в словарь слово слово4
2016-11-13 23:39:47,818 DEBUG [{}] Поток pool-1-thread-1 добавил в словарь слово слово
2016-11-13 23:39:47,820 INFO [{}] Одно из слов повторяется минимум 5 раз. Проанализировано 4 различных слова.
2016-11-13 23:39:47,884 DEBUG [{}] Итоговый словарь: [1слово2, слово2, слово4, слово]
2016-11-13 23:42:17,822 DEBUG [{}] Начало работы
2016-11-13 23:42:17,949 DEBUG [{}] Поток pool-1-thread-1 добавил в словарь слово 1слово2
2016-11-13 23:42:17,949 DEBUG [{}] Поток pool-1-thread-1 добавил в словарь слово слово2
2016-11-13 23:42:17,949 DEBUG [{}] Поток pool-1-thread-1 добавил в словарь слово слово4
2016-11-13 23:42:17,950 DEBUG [{}] Поток pool-1-thread-1 добавил в словарь слово слово
2016-11-13 23:42:32,355 INFO [{}] Одно из слов повторяется минимум 5 раз. Проанализировано 4 различных слова.
2016-11-13 23:42:32,357 DEBUG [{}] Итоговый словарь: [1слово2, слово2, слово4, слово]
2016-11-13 23:44:25,140 DEBUG [{}] Начало работы
2016-11-13 23:44:25,249 DEBUG [{}] Поток pool-1-thread-1 добавил в словарь слово 1слово2
2016-11-13 23:44:25,250 DEBUG [{}] Поток pool-1-thread-1 добавил в словарь слово слово2
2016-11-13 23:44:25,250 DEBUG [{}] Поток pool-1-thread-1 добавил в словарь слово слово4
2016-11-13 23:44:25,250 DEBUG [{}] Поток pool-1-thread-1 добавил в словарь слово слово
2016-11-13 23:44:58,530 INFO [{}] Одно из слов повторяется минимум 5 раз. Проанализировано 4 различных слова.
2016-11-13 23:44:58,533 DEBUG [{}] Итоговый словарь: [1слово2, слово2, слово4, слово]
2016-11-13 23:45:46,920 DEBUG [{}] Начало работы
2016-11-13 23:45:46,941 DEBUG [{}] Поток pool-1-thread-1 добавил в словарь слово 1слово2
2016-11-13 23:45:46,941 DEBUG [{}] Поток pool-1-thread-1 добавил в словарь слово слово2
2016-11-13 23:45:46,942 DEBUG [{}] Поток pool-1-thread-1 добавил в словарь слово слово4
2016-11-13 23:45:46,942 DEBUG [{}] Поток pool-1-thread-1 добавил в словарь слово слово
2016-11-13 23:45:46,942 INFO [{}] Одно из слов повторяется минимум 5 раз. fiveMatchesWord Проанализировано 4 различных слова.
2016-11-13 23:45:46,943 DEBUG [{}] Итоговый словарь: [1слово2, слово2, слово4, слово]
2016-11-13 23:47:15,183 DEBUG [{}] Начало работы
2016-11-13 23:47:15,207 DEBUG [{}] Поток pool-1-thread-1 добавил в словарь слово 1слово2
2016-11-13 23:47:15,207 DEBUG [{}] Поток pool-1-thread-1 добавил в словарь слово слово2
2016-11-13 23:47:15,208 DEBUG [{}] Поток pool-1-thread-1 добавил в словарь слово слово4
2016-11-13 23:47:15,208 DEBUG [{}] Поток pool-1-thread-1 добавил в словарь слово слово
2016-11-13 23:47:15,208 INFO [{}] Одно из слов повторяется минимум 5 раз. Проанализировано 4 различных слова.
2016-11-13 23:47:15,214 DEBUG [{}] Итоговый словарь: [1слово2, слово2, слово4, слово]
