2016-11-13 12:15:08,810 DEBUG [{}] Начало работы
2016-11-13 12:15:08,831 ERROR [{}] Файл asd.txt не найден.
2016-11-13 12:15:08,837 ERROR [{}] Ресурс test.txt содержит недопустимые символы.
2016-11-13 12:15:08,838 INFO [{}] Приложение остановлено.
2016-11-13 12:15:08,838 DEBUG [{}] Итоговый словарь: []
2016-11-13 12:15:56,720 DEBUG [{}] Начало работы
2016-11-13 12:15:56,746 ERROR [{}] Файл asd.txt не найден.
2016-11-13 12:15:56,747 DEBUG [{}] Поток pool-1-thread-2 добавил в словарь слово такого
2016-11-13 12:15:56,747 DEBUG [{}] Поток pool-1-thread-1 добавил в словарь слово Мир
2016-11-13 12:15:56,749 INFO [{}] Приложение остановлено.
2016-11-13 12:15:56,750 DEBUG [{}] Итоговый словарь: [Мир, такого]
2016-11-13 12:18:03,875 DEBUG [{}] Начало работы
2016-11-13 12:18:03,922 ERROR [{}] Файл asd.txt не найден.
2016-11-13 12:18:03,923 DEBUG [{}] Поток pool-1-thread-2 добавил в словарь слово такого
2016-11-13 12:18:03,924 DEBUG [{}] Поток pool-1-thread-1 добавил в словарь слово Мир
2016-11-13 12:18:03,925 INFO [{}] Приложение остановлено.
2016-11-13 12:18:03,926 DEBUG [{}] Итоговый словарь: [Мир, такого]
2016-11-13 15:48:30,275 DEBUG [{}] Начало работы
2016-11-13 15:48:30,325 ERROR [{}] Файл asd.txt не найден.
2016-11-13 15:48:30,325 DEBUG [{}] Поток pool-1-thread-2 добавил в словарь слово такого
2016-11-13 15:48:30,325 DEBUG [{}] Поток pool-1-thread-1 добавил в словарь слово Мир
2016-11-13 15:48:30,328 INFO [{}] Приложение остановлено.
2016-11-13 15:48:30,329 DEBUG [{}] Итоговый словарь: [Мир, такого]
2016-11-13 16:01:52,704 DEBUG [{}] Начало работы
2016-11-13 16:01:52,742 ERROR [{}] Файл asd.txt не найден.
2016-11-13 16:01:52,747 INFO [{}] Приложение остановлено.
2016-11-13 16:01:52,748 DEBUG [{}] Итоговый словарь: []
