2016-11-10 17:16:03,021 ERROR [{{username,Admin}}] Method main executed
2016-11-10 17:16:03,028 ERROR [{{username,Admin}}] Method doSome executed
2016-11-10 17:34:56,215 ERROR [{{username,Admin}}] Method main executed
2016-11-10 17:34:56,222 ERROR [{{username,Admin}}] Method doSome executed !!
2016-11-10 17:36:02,823 ERROR [{{username,Admin}}] Method main executed
java.lang.RuntimeException
	at com.example.HelloWorld.main(HelloWorld.java:16)
	at sun.reflect.NativeMethodAccessorImpl.invoke0(Native Method)
	at sun.reflect.NativeMethodAccessorImpl.invoke(NativeMethodAccessorImpl.java:62)
	at sun.reflect.DelegatingMethodAccessorImpl.invoke(DelegatingMethodAccessorImpl.java:43)
	at java.lang.reflect.Method.invoke(Method.java:498)
	at com.intellij.rt.execution.application.AppMain.main(AppMain.java:147)
2016-11-10 17:36:02,837 ERROR [{{username,Admin}}] Method doSome executed !!
2016-11-10 17:45:33,371 ERROR [{{username,Admin}}] Method main executed
java.lang.RuntimeException
	at com.example.HelloWorld.main(HelloWorld.java:16)
2016-11-10 17:47:01,243 ERROR [{{username,Admin}}] Method main executed
java.lang.RuntimeException
	at com.example.HelloWorld.main(HelloWorld.java:16)
2016-11-10 17:47:09,123 ERROR [{{username,Admin}}] Method doSome executed !!
2016-11-10 17:47:27,059 ERROR [{{username,Admin}}] Method main executed
java.lang.RuntimeException
	at com.example.HelloWorld.main(HelloWorld.java:16)
2016-11-10 22:50:06,536 ERROR [{{username,Admin}}] Method doSome executed !!
2016-11-10 22:50:08,318 ERROR [{{username,Admin}}] Method doSome executed !!
